2023-12-29 20:41:24.783587000 [INFO] <server:61>:Server starting in Development mode
2023-12-29 20:41:24.783706000 [INFO] <repository::database_settings:155>:Connecting to database 'omsupply-database'
2023-12-29 20:41:24.787177000 [INFO] <server:74>:Run DB migrations...
2023-12-29 20:41:24.907914000 [INFO] <repository:34>:Running migration 20210805T1000
Running migration 20210810T1000
Running migration 20210815T1000
Running migration 20210820T1000
Running migration 20210905T1000
Running migration 20210910T1000
Running migration 20210915T1000
Running migration 20210917T1000
Running migration 20210918T1000
Running migration 20210920T1000
Running migration 20210925T1000
Running migration 20211005T1000
Running migration 20211105T1000
Running migration 20211110T1000
Running migration 20211115T1000
Running migration 20211120T1000
Running migration 20211125T1000
Running migration 20211210T1000
Running migration 20211215T1000
Running migration 20211220T1000
Running migration 20211225T1000
Running migration 20220127T0800
Running migration 20220211T1500
Running migration 20220223T1015
Running migration 20220223T1030
Running migration 20220223T1130
Running migration 20220223T1200
Running migration 20220223T1230
Running migration 20220223T1300
Running migration 20220223T1330
Running migration 20220223T1400
Running migration 20220315T1000
Running migration 20220325T1400
Running migration 20220325T1430
Running migration 20220401T1000
Running migration 20220401T1100
Running migration 20220427T1000
Running migration 20220427T1300
Running migration 20220607T1500
Running migration 20220607T1600
Running migration 20220607T1700
Running migration 20220607T1800
Running migration 20220621013232
Running migration 20220831235605
Running migration 20221010220028
Running migration 20221027T0915
Running migration 20221106232008
Running migration 20221117221441
Running migration 20221201194347
Running migration 20230116T1000
Running migration 20230327T1000
Running migration 20230330220349
Running migration 20230421T1000
Running migration 20230421T1100
Running migration 20230620T1000

2023-12-29 20:41:24.908315000 [INFO] <repository::migrations:137>:Running database migration 1.0.4
2023-12-29 20:41:24.908644000 [INFO] <repository::migrations:137>:Running database migration 1.1.1
2023-12-29 20:41:25.083425000 [INFO] <repository::migrations:137>:Running database migration 1.1.2
2023-12-29 20:41:25.090123000 [INFO] <repository::migrations:137>:Running database migration 1.1.3
2023-12-29 20:41:25.092844000 [INFO] <repository::migrations:137>:Running database migration 1.1.5
2023-12-29 20:41:25.093049000 [INFO] <repository::migrations:137>:Running database migration 1.1.11
2023-12-29 20:41:25.138143000 [INFO] <repository::migrations:137>:Running database migration 1.1.12
2023-12-29 20:41:25.188161000 [INFO] <repository::migrations:137>:Running database migration 1.1.13
2023-12-29 20:41:25.189001000 [INFO] <repository::migrations:137>:Running database migration 1.1.14
2023-12-29 20:41:25.209179000 [INFO] <repository::migrations:137>:Running database migration 1.1.15
2023-12-29 20:41:25.209589000 [INFO] <repository::migrations:137>:Running database migration 1.2.0
2023-12-29 20:41:25.346425000 [INFO] <repository::migrations:137>:Running database migration 1.2.1
2023-12-29 20:41:25.352198000 [INFO] <repository::migrations:137>:Running database migration 1.3.0
2023-12-29 20:41:25.355844000 [INFO] <repository::migrations:137>:Running database migration 1.4.0
2023-12-29 20:41:25.374535000 [INFO] <repository::migrations:137>:Running database migration 1.5.0
2023-12-29 20:41:25.382834000 [INFO] <repository::migrations:137>:Running database migration 1.5.4
2023-12-29 20:41:25.387164000 [INFO] <repository::migrations:137>:Running database migration 1.6.0
2023-12-29 20:41:25.452479000 [INFO] <server:78>:Run DB migrations...done
2023-12-29 20:41:25.452525000 [INFO] <server:81>:Initialising server context..
2023-12-29 20:41:25.453024000 [WARN] <server::certs:89>:No certificates found: Run in HTTP development mode
2023-12-29 20:41:25.453455000 [INFO] <server:99>:Initialising server context..done
2023-12-29 20:41:25.453542000 [INFO] <server:104>:Checking log settings..
2023-12-29 20:41:25.454034000 [INFO] <server:127>:Setting hardware uuid..
2023-12-29 20:41:25.487088000 [INFO] <server:141>:Setting hardware uuid..done [DB1E519B-3794-50E3-9555-8F15F835F1F3]
2023-12-29 20:41:25.487180000 [INFO] <server:144>:Checking sync status..
2023-12-29 20:41:25.487375000 [INFO] <server:174>:Sync settings in configurations and not in database
2023-12-29 20:41:25.487404000 [INFO] <server:175>:Checking sync credentials..
2023-12-29 20:41:25.488008000 [INFO] <service::sync::site_info:60>:Requesting site info
2023-12-29 20:44:16.356246000 [INFO] <server:61>:Server starting in Development mode
2023-12-29 20:44:16.356312000 [INFO] <repository::database_settings:155>:Connecting to database 'omsupply-database'
2023-12-29 20:44:16.366470000 [INFO] <server:74>:Run DB migrations...
2023-12-29 20:44:16.367162000 [INFO] <repository:34>:
2023-12-29 20:44:16.369078000 [INFO] <server:78>:Run DB migrations...done
2023-12-29 20:44:16.369118000 [INFO] <server:81>:Initialising server context..
2023-12-29 20:44:16.369545000 [WARN] <server::certs:89>:No certificates found: Run in HTTP development mode
2023-12-29 20:44:16.369724000 [INFO] <server:99>:Initialising server context..done
2023-12-29 20:44:16.369785000 [INFO] <server:104>:Checking log settings..
2023-12-29 20:44:16.371039000 [INFO] <server:127>:Setting hardware uuid..
2023-12-29 20:44:16.400558000 [INFO] <server:141>:Setting hardware uuid..done [DB1E519B-3794-50E3-9555-8F15F835F1F3]
2023-12-29 20:44:16.400603000 [INFO] <server:144>:Checking sync status..
2023-12-29 20:44:16.400816000 [INFO] <server:174>:Sync settings in configurations and not in database
2023-12-29 20:44:16.400849000 [INFO] <server:175>:Checking sync credentials..
2023-12-29 20:44:16.401438000 [INFO] <service::sync::site_info:60>:Requesting site info
2023-12-29 20:47:29.235436000 [INFO] <server:61>:Server starting in Development mode
2023-12-29 20:47:29.235545000 [INFO] <repository::database_settings:155>:Connecting to database 'omsupply-database'
2023-12-29 20:47:29.247106000 [INFO] <server:74>:Run DB migrations...
2023-12-29 20:47:29.247770000 [INFO] <repository:34>:
2023-12-29 20:47:29.250574000 [INFO] <server:78>:Run DB migrations...done
2023-12-29 20:47:29.250621000 [INFO] <server:81>:Initialising server context..
2023-12-29 20:47:29.251200000 [WARN] <server::certs:89>:No certificates found: Run in HTTP development mode
2023-12-29 20:47:29.251382000 [INFO] <server:99>:Initialising server context..done
2023-12-29 20:47:29.251442000 [INFO] <server:104>:Checking log settings..
2023-12-29 20:47:29.252432000 [INFO] <server:127>:Setting hardware uuid..
2023-12-29 20:47:29.282075000 [INFO] <server:141>:Setting hardware uuid..done [DB1E519B-3794-50E3-9555-8F15F835F1F3]
2023-12-29 20:47:29.282195000 [INFO] <server:144>:Checking sync status..
2023-12-29 20:47:29.282470000 [INFO] <server:174>:Sync settings in configurations and not in database
2023-12-29 20:47:29.282536000 [INFO] <server:175>:Checking sync credentials..
2023-12-29 20:47:29.283477000 [INFO] <service::sync::site_info:60>:Requesting site info
2023-12-29 20:47:29.318515000 [INFO] <service::sync::site_info:81>:Received site info
2023-12-29 20:47:29.318595000 [INFO] <server:182>:Checking sync credentials..done
2023-12-29 20:47:29.320180000 [INFO] <server:201>:Creating graphql schema in initialisation mode..
2023-12-29 20:47:29.390529000 [INFO] <server:231>:Creating graphql schema..done
2023-12-29 20:47:29.390585000 [INFO] <server:237>:Starting server DNS-SD discovery
2023-12-29 20:47:29.390635000 [INFO] <server:241>:Starting discovery graphql server
2023-12-29 20:47:29.390914000 [INFO] <actix_server::builder:200>:Starting 4 workers
2023-12-29 20:47:29.396265000 [INFO] <server:269>:Initialising http server..
2023-12-29 20:47:29.396533000 [INFO] <server:304>:Initialising http server..done
2023-12-29 20:47:29.396653000 [INFO] <actix_server::builder:200>:Starting 4 workers
2023-12-29 20:47:29.396757000 [INFO] <server:308>:Server started, running on port: 8000, version: 1.6.0
2023-12-29 20:47:29.397367000 [INFO] <service::sync::sync_status::logger:47>:Sync started
2023-12-29 20:47:29.399447000 [INFO] <service::sync::sync_status::logger:71>:Sync step started PrepareInitial
2023-12-29 20:47:29.401152000 [INFO] <actix_server::server:196>:Actix runtime found; starting in Actix runtime
2023-12-29 20:47:29.406769000 [INFO] <actix_server::server:196>:Actix runtime found; starting in Actix runtime
2023-12-29 20:47:30.140982000 [INFO] <astro_dnssd::os::apple::register:44>:Got reply
2023-12-29 20:47:30.141124000 [INFO] <astro_dnssd::os::apple::register:78>:Reply info sent
2023-12-29 20:47:33.332441000 [INFO] <service::sync::sync_status::logger:141>:Sync step finished PrepareInitial
2023-12-29 20:47:33.333804000 [INFO] <service::sync::sync_status::logger:71>:Sync step started Push
2023-12-29 20:47:33.335699000 [INFO] <service::sync::sync_status::logger:106>:Pushed (0) records
2023-12-29 20:47:33.335933000 [INFO] <service::sync::sync_status::logger:141>:Sync step finished Push
2023-12-29 20:47:33.336977000 [INFO] <service::sync::sync_status::logger:71>:Sync step started PullCentral
2023-12-29 20:47:35.778562000 [INFO] <service::sync::sync_status::logger:116>:Pulled (831) central records
2023-12-29 20:47:35.778682000 [INFO] <service::sync::sync_status::logger:141>:Sync step finished PullCentral
2023-12-29 20:47:35.779714000 [INFO] <service::sync::sync_status::logger:71>:Sync step started PullRemote
2023-12-29 20:47:35.782509000 [INFO] <service::sync::sync_status::logger:126>:Pulled (0) remote records
2023-12-29 20:47:35.782595000 [INFO] <service::sync::sync_status::logger:141>:Sync step finished PullRemote
2023-12-29 20:47:35.783327000 [INFO] <service::sync::sync_status::logger:71>:Sync step started Integrate
2023-12-29 20:47:35.787418000 [INFO] <service::sync::sync_status::logger:141>:Sync step finished Integrate
2023-12-29 20:47:35.793027000 [INFO] <service::sync::sync_status::logger:66>:Sync finished
2023-12-29 20:47:35.794239000 [INFO] <server:227>:Changing graphql schema to operational mode
2023-12-29 20:48:23.406505000 [ERROR] <service::token:248>:verify_token: InvalidSignature
2023-12-29 20:48:23.408298000 [INFO] <actix_web::middleware::logger:351>:127.0.0.1 "POST /graphql HTTP/1.1" 200 175 "http://localhost:3003/" "Mozilla/5.0 (Macintosh; Intel Mac OS X 10_15_7) AppleWebKit/537.36 (KHTML, like Gecko) Chrome/120.0.0.0 Safari/537.36" 0.009023
2023-12-29 20:48:23.414959000 [INFO] <actix_web::middleware::logger:351>:127.0.0.1 "POST /graphql HTTP/1.1" 200 108 "http://localhost:3003/" "Mozilla/5.0 (Macintosh; Intel Mac OS X 10_15_7) AppleWebKit/537.36 (KHTML, like Gecko) Chrome/120.0.0.0 Safari/537.36" 0.002157
2023-12-29 20:48:23.529797000 [ERROR] <service::token:248>:verify_token: InvalidSignature
2023-12-29 20:48:23.530436000 [INFO] <actix_web::middleware::logger:351>:127.0.0.1 "POST /graphql HTTP/1.1" 200 167 "http://localhost:3003/" "Mozilla/5.0 (Macintosh; Intel Mac OS X 10_15_7) AppleWebKit/537.36 (KHTML, like Gecko) Chrome/120.0.0.0 Safari/537.36" 0.002161
2023-12-29 20:48:25.143039000 [INFO] <actix_web::middleware::logger:351>:127.0.0.1 "POST /graphql HTTP/1.1" 200 67 "http://localhost:3003/" "Mozilla/5.0 (Macintosh; Intel Mac OS X 10_15_7) AppleWebKit/537.36 (KHTML, like Gecko) Chrome/120.0.0.0 Safari/537.36" 0.003858
2023-12-29 20:48:25.155854000 [INFO] <actix_web::middleware::logger:351>:127.0.0.1 "POST /graphql HTTP/1.1" 200 82 "http://localhost:3003/" "Mozilla/5.0 (Macintosh; Intel Mac OS X 10_15_7) AppleWebKit/537.36 (KHTML, like Gecko) Chrome/120.0.0.0 Safari/537.36" 0.015465
2023-12-29 20:48:27.655373000 [WARN] <service::user_account:101>:Failed to insert store permissions(foreign key constraint is violated "FOREIGN KEY constraint failed"): StorePermissions { user_store_join: UserStoreJoinRow { id: "806036DBB74C426FADFDD7F991FEBE7C", user_id: "0763E2E3053D4C478E1E6B6B03FEC207", store_id: "4BCCA3E6AB9847E3B992B6DDDC839B83", is_default: false }, permissions: [UserPermissionRow { id: "a83991fd-6613-438f-b051-e1c3bdeda984", user_id: "0763E2E3053D4C478E1E6B6B03FEC207", store_id: Some("4BCCA3E6AB9847E3B992B6DDDC839B83"), permission: Report, context_id: None }, UserPermissionRow { id: "857f7800-68ac-43d5-bf09-25a16ef89e84", user_id: "0763E2E3053D4C478E1E6B6B03FEC207", store_id: Some("4BCCA3E6AB9847E3B992B6DDDC839B83"), permission: ColdChainApi, context_id: None }, UserPermissionRow { id: "bf1596f9-adb5-43f5-8dde-a971a707d923", user_id: "0763E2E3053D4C478E1E6B6B03FEC207", store_id: Some("4BCCA3E6AB9847E3B992B6DDDC839B83"), permission: OutboundShipmentQuery, context_id: None }, UserPermissionRow { id: "472a762b-d0fd-4503-a163-9ed344f43ce9", user_id: "0763E2E3053D4C478E1E6B6B03FEC207", store_id: Some("4BCCA3E6AB9847E3B992B6DDDC839B83"), permission: SensorQuery, context_id: None }, UserPermissionRow { id: "74735fc4-f696-4801-8869-5c67ebfb1b96", user_id: "0763E2E3053D4C478E1E6B6B03FEC207", store_id: Some("4BCCA3E6AB9847E3B992B6DDDC839B83"), permission: StoreAccess, context_id: None }, UserPermissionRow { id: "4740eb91-1ee6-4a6c-bdf6-3d0f7eaa5636", user_id: "0763E2E3053D4C478E1E6B6B03FEC207", store_id: Some("4BCCA3E6AB9847E3B992B6DDDC839B83"), permission: PatientMutate, context_id: None }, UserPermissionRow { id: "f9a73e59-bc30-4109-a79a-e7b6642cca5a", user_id: "0763E2E3053D4C478E1E6B6B03FEC207", store_id: Some("4BCCA3E6AB9847E3B992B6DDDC839B83"), permission: InboundShipmentMutate, context_id: None }, UserPermissionRow { id: "03c548ea-65f1-47fb-8aa4-391b078ebdcf", user_id: "0763E2E3053D4C478E1E6B6B03FEC207", store_id: Some("4BCCA3E6AB9847E3B992B6DDDC839B83"), permission: RequisitionSend, context_id: None }, UserPermissionRow { id: "3a7a8ce1-8048-4941-8e48-c0ab9f214725", user_id: "0763E2E3053D4C478E1E6B6B03FEC207", store_id: Some("4BCCA3E6AB9847E3B992B6DDDC839B83"), permission: OutboundShipmentMutate, context_id: None }, UserPermissionRow { id: "9576082b-06a5-4464-8898-fd05fff53df9", user_id: "0763E2E3053D4C478E1E6B6B03FEC207", store_id: Some("4BCCA3E6AB9847E3B992B6DDDC839B83"), permission: ItemMutate, context_id: None }, UserPermissionRow { id: "30caa0c8-15b5-4d24-8bae-32170ef29dfb", user_id: "0763E2E3053D4C478E1E6B6B03FEC207", store_id: Some("4BCCA3E6AB9847E3B992B6DDDC839B83"), permission: StockLineMutate, context_id: None }, UserPermissionRow { id: "2b115f43-bd49-49c9-8a99-0d0771c7219b", user_id: "0763E2E3053D4C478E1E6B6B03FEC207", store_id: Some("4BCCA3E6AB9847E3B992B6DDDC839B83"), permission: LogQuery, context_id: None }, UserPermissionRow { id: "87f65871-99eb-41b8-bcc5-2b18f9e8f26b", user_id: "0763E2E3053D4C478E1E6B6B03FEC207", store_id: Some("4BCCA3E6AB9847E3B992B6DDDC839B83"), permission: RequisitionQuery, context_id: None }, UserPermissionRow { id: "c26fe988-14f9-4353-ae1a-dfab48d27c98", user_id: "0763E2E3053D4C478E1E6B6B03FEC207", store_id: Some("4BCCA3E6AB9847E3B992B6DDDC839B83"), permission: InboundShipmentQuery, context_id: None }, UserPermissionRow { id: "962628e9-adcf-4a11-a2d0-300363621fef", user_id: "0763E2E3053D4C478E1E6B6B03FEC207", store_id: Some("4BCCA3E6AB9847E3B992B6DDDC839B83"), permission: CreateRepack, context_id: None }, UserPermissionRow { id: "9948ee0d-e514-4adc-aa62-4232fd459515", user_id: "0763E2E3053D4C478E1E6B6B03FEC207", store_id: Some("4BCCA3E6AB9847E3B992B6DDDC839B83"), permission: StocktakeMutate, context_id: None }, UserPermissionRow { id: "feb89b95-afa1-475d-b281-b372edb91e38", user_id: "0763E2E3053D4C478E1E6B6B03FEC207", store_id: Some("4BCCA3E6AB9847E3B992B6DDDC839B83"), permission: RequisitionMutate, context_id: None }, UserPermissionRow { id: "47f88979-af5a-4f28-9bd5-196d8543d7bf", user_id: "0763E2E3053D4C478E1E6B6B03FEC207", store_id: Some("4BCCA3E6AB9847E3B992B6DDDC839B83"), permission: StockLineQuery, context_id: None }, UserPermissionRow { id: "e100b72e-2cc8-4d02-9747-9bcf7bd9feb1", user_id: "0763E2E3053D4C478E1E6B6B03FEC207", store_id: Some("4BCCA3E6AB9847E3B992B6DDDC839B83"), permission: StocktakeQuery, context_id: None }, UserPermissionRow { id: "7f13123d-d779-4aa4-bf09-d65bf8d745ba", user_id: "0763E2E3053D4C478E1E6B6B03FEC207", store_id: Some("4BCCA3E6AB9847E3B992B6DDDC839B83"), permission: PrescriptionMutate, context_id: None }, UserPermissionRow { id: "ebfcd870-cb13-49bb-8209-e95fa32d54d2", user_id: "0763E2E3053D4C478E1E6B6B03FEC207", store_id: Some("4BCCA3E6AB9847E3B992B6DDDC839B83"), permission: PrescriptionQuery, context_id: None }, UserPermissionRow { id: "b3b83a6f-912f-4e44-971c-d8bb1d213baf", user_id: "0763E2E3053D4C478E1E6B6B03FEC207", store_id: Some("4BCCA3E6AB9847E3B992B6DDDC839B83"), permission: SensorMutate, context_id: None }, UserPermissionRow { id: "edf28f15-91f0-4293-9cb8-4f5b8f5d5a37", user_id: "0763E2E3053D4C478E1E6B6B03FEC207", store_id: Some("4BCCA3E6AB9847E3B992B6DDDC839B83"), permission: PatientQuery, context_id: None }, UserPermissionRow { id: "d3898d14-aea5-443d-a91c-f3da66e54f2a", user_id: "0763E2E3053D4C478E1E6B6B03FEC207", store_id: Some("4BCCA3E6AB9847E3B992B6DDDC839B83"), permission: LocationMutate, context_id: None }] }
2023-12-29 20:48:27.656142000 [WARN] <service::user_account:101>:Failed to insert store permissions(foreign key constraint is violated "FOREIGN KEY constraint failed"): StorePermissions { user_store_join: UserStoreJoinRow { id: "9E47BC67597B4005AD73140753EF7761", user_id: "0763E2E3053D4C478E1E6B6B03FEC207", store_id: "D77F67339BF8400886D009178F4962E1", is_default: true }, permissions: [UserPermissionRow { id: "ceb0dfca-f20f-421f-ac7a-22c77e2d07fe", user_id: "0763E2E3053D4C478E1E6B6B03FEC207", store_id: Some("D77F67339BF8400886D009178F4962E1"), permission: SensorQuery, context_id: None }, UserPermissionRow { id: "db7215f1-c76b-4607-b9f1-6b817f34593c", user_id: "0763E2E3053D4C478E1E6B6B03FEC207", store_id: Some("D77F67339BF8400886D009178F4962E1"), permission: PrescriptionQuery, context_id: None }, UserPermissionRow { id: "eb818efb-5fa8-4491-825c-8267c0aefd60", user_id: "0763E2E3053D4C478E1E6B6B03FEC207", store_id: Some("D77F67339BF8400886D009178F4962E1"), permission: ItemMutate, context_id: None }, UserPermissionRow { id: "e35a1945-03e2-427e-a641-6510914ebf9f", user_id: "0763E2E3053D4C478E1E6B6B03FEC207", store_id: Some("D77F67339BF8400886D009178F4962E1"), permission: StockLineMutate, context_id: None }, UserPermissionRow { id: "ff3911ad-0c56-4d9a-9a03-c9055a395ad9", user_id: "0763E2E3053D4C478E1E6B6B03FEC207", store_id: Some("D77F67339BF8400886D009178F4962E1"), permission: StocktakeQuery, context_id: None }, UserPermissionRow { id: "98a51f8d-16ef-4531-870e-5b956ae23d07", user_id: "0763E2E3053D4C478E1E6B6B03FEC207", store_id: Some("D77F67339BF8400886D009178F4962E1"), permission: PatientMutate, context_id: None }, UserPermissionRow { id: "66115526-c9d6-4c92-9784-de79f315a417", user_id: "0763E2E3053D4C478E1E6B6B03FEC207", store_id: Some("D77F67339BF8400886D009178F4962E1"), permission: LocationMutate, context_id: None }, UserPermissionRow { id: "d175415e-ec1d-41bd-9bec-0a7c0024dc90", user_id: "0763E2E3053D4C478E1E6B6B03FEC207", store_id: Some("D77F67339BF8400886D009178F4962E1"), permission: InboundShipmentMutate, context_id: None }, UserPermissionRow { id: "696fef45-4700-46ca-8f22-7dd857672a4b", user_id: "0763E2E3053D4C478E1E6B6B03FEC207", store_id: Some("D77F67339BF8400886D009178F4962E1"), permission: OutboundShipmentMutate, context_id: None }, UserPermissionRow { id: "3867ebf2-7998-42be-acab-2c8081f9bb8b", user_id: "0763E2E3053D4C478E1E6B6B03FEC207", store_id: Some("D77F67339BF8400886D009178F4962E1"), permission: OutboundShipmentQuery, context_id: None }, UserPermissionRow { id: "5a6eadb5-f323-42e1-b9bd-2da6dc80c769", user_id: "0763E2E3053D4C478E1E6B6B03FEC207", store_id: Some("D77F67339BF8400886D009178F4962E1"), permission: LogQuery, context_id: None }, UserPermissionRow { id: "be7fcbb1-6931-4599-a573-49cd7f3feccd", user_id: "0763E2E3053D4C478E1E6B6B03FEC207", store_id: Some("D77F67339BF8400886D009178F4962E1"), permission: StoreAccess, context_id: None }, UserPermissionRow { id: "cdee74da-d632-46ed-ac1e-7822fa7f869a", user_id: "0763E2E3053D4C478E1E6B6B03FEC207", store_id: Some("D77F67339BF8400886D009178F4962E1"), permission: CreateRepack, context_id: None }, UserPermissionRow { id: "cf63d7d0-1280-476b-82f5-b88c75db0f45", user_id: "0763E2E3053D4C478E1E6B6B03FEC207", store_id: Some("D77F67339BF8400886D009178F4962E1"), permission: PatientQuery, context_id: None }, UserPermissionRow { id: "5daeb721-96b0-4d8e-a035-15bad32974ad", user_id: "0763E2E3053D4C478E1E6B6B03FEC207", store_id: Some("D77F67339BF8400886D009178F4962E1"), permission: PrescriptionMutate, context_id: None }, UserPermissionRow { id: "66a2a12e-aa77-4cb0-bb53-ff7e72da029c", user_id: "0763E2E3053D4C478E1E6B6B03FEC207", store_id: Some("D77F67339BF8400886D009178F4962E1"), permission: RequisitionQuery, context_id: None }, UserPermissionRow { id: "b9382afb-9af5-4340-947e-63bdeb6b4578", user_id: "0763E2E3053D4C478E1E6B6B03FEC207", store_id: Some("D77F67339BF8400886D009178F4962E1"), permission: ServerAdmin, context_id: None }, UserPermissionRow { id: "5652d4bb-efdd-470a-8bff-b10a7d636769", user_id: "0763E2E3053D4C478E1E6B6B03FEC207", store_id: Some("D77F67339BF8400886D009178F4962E1"), permission: SensorMutate, context_id: None }, UserPermissionRow { id: "c322cc02-bf9e-4638-8beb-8e3d4d4d7ecf", user_id: "0763E2E3053D4C478E1E6B6B03FEC207", store_id: Some("D77F67339BF8400886D009178F4962E1"), permission: StocktakeMutate, context_id: None }, UserPermissionRow { id: "2d22de6a-53b5-4a32-9a89-ab2574e154a3", user_id: "0763E2E3053D4C478E1E6B6B03FEC207", store_id: Some("D77F67339BF8400886D009178F4962E1"), permission: RequisitionSend, context_id: None }, UserPermissionRow { id: "8631991a-0524-4eb3-b28c-d5db51832464", user_id: "0763E2E3053D4C478E1E6B6B03FEC207", store_id: Some("D77F67339BF8400886D009178F4962E1"), permission: RequisitionMutate, context_id: None }, UserPermissionRow { id: "b519d785-31c2-44ea-a82c-76a8475c8cdd", user_id: "0763E2E3053D4C478E1E6B6B03FEC207", store_id: Some("D77F67339BF8400886D009178F4962E1"), permission: InboundShipmentQuery, context_id: None }, UserPermissionRow { id: "2006d4c7-d0a3-48d6-bff2-004330da9968", user_id: "0763E2E3053D4C478E1E6B6B03FEC207", store_id: Some("D77F67339BF8400886D009178F4962E1"), permission: StockLineQuery, context_id: None }, UserPermissionRow { id: "ce3c8bf7-5452-47ee-8dc3-1e874d2f9995", user_id: "0763E2E3053D4C478E1E6B6B03FEC207", store_id: Some("D77F67339BF8400886D009178F4962E1"), permission: Report, context_id: None }, UserPermissionRow { id: "042355cb-d180-4738-b30b-88afe752784f", user_id: "0763E2E3053D4C478E1E6B6B03FEC207", store_id: Some("D77F67339BF8400886D009178F4962E1"), permission: ColdChainApi, context_id: None }] }
2023-12-29 20:48:27.656721000 [WARN] <service::user_account:101>:Failed to insert store permissions(foreign key constraint is violated "FOREIGN KEY constraint failed"): StorePermissions { user_store_join: UserStoreJoinRow { id: "6A7A9B571DB342BF93EA1FD2393E85BA", user_id: "0763E2E3053D4C478E1E6B6B03FEC207", store_id: "80004C94067A4CE5A34FC343EB1B4306", is_default: false }, permissions: [UserPermissionRow { id: "94faf25a-22ec-4def-b21e-7985f64a01b2", user_id: "0763E2E3053D4C478E1E6B6B03FEC207", store_id: Some("80004C94067A4CE5A34FC343EB1B4306"), permission: LogQuery, context_id: None }, UserPermissionRow { id: "de787a56-038c-46fe-9e3c-c8f11f709d5b", user_id: "0763E2E3053D4C478E1E6B6B03FEC207", store_id: Some("80004C94067A4CE5A34FC343EB1B4306"), permission: PatientMutate, context_id: None }, UserPermissionRow { id: "abf3f2ce-5ff3-4436-a936-7585b17315b3", user_id: "0763E2E3053D4C478E1E6B6B03FEC207", store_id: Some("80004C94067A4CE5A34FC343EB1B4306"), permission: InboundShipmentMutate, context_id: None }, UserPermissionRow { id: "f34f6e5c-56be-441a-a43a-01e02e98146e", user_id: "0763E2E3053D4C478E1E6B6B03FEC207", store_id: Some("80004C94067A4CE5A34FC343EB1B4306"), permission: StockLineQuery, context_id: None }, UserPermissionRow { id: "7c652256-5267-4ebf-ba9e-8e95b0cdbc67", user_id: "0763E2E3053D4C478E1E6B6B03FEC207", store_id: Some("80004C94067A4CE5A34FC343EB1B4306"), permission: StoreAccess, context_id: None }, UserPermissionRow { id: "2171db79-87b7-44b5-b14a-066943f28f4a", user_id: "0763E2E3053D4C478E1E6B6B03FEC207", store_id: Some("80004C94067A4CE5A34FC343EB1B4306"), permission: Report, context_id: None }, UserPermissionRow { id: "77010ee7-ede9-4d81-9083-21d5b674732e", user_id: "0763E2E3053D4C478E1E6B6B03FEC207", store_id: Some("80004C94067A4CE5A34FC343EB1B4306"), permission: InboundShipmentQuery, context_id: None }, UserPermissionRow { id: "83ce665e-de04-48df-84c6-402aa70980e0", user_id: "0763E2E3053D4C478E1E6B6B03FEC207", store_id: Some("80004C94067A4CE5A34FC343EB1B4306"), permission: CreateRepack, context_id: None }, UserPermissionRow { id: "9e17808e-fb75-4775-8815-c6fe380378d1", user_id: "0763E2E3053D4C478E1E6B6B03FEC207", store_id: Some("80004C94067A4CE5A34FC343EB1B4306"), permission: LocationMutate, context_id: None }, UserPermissionRow { id: "1abb13fa-9993-493e-a478-4e6c8c138365", user_id: "0763E2E3053D4C478E1E6B6B03FEC207", store_id: Some("80004C94067A4CE5A34FC343EB1B4306"), permission: PrescriptionQuery, context_id: None }, UserPermissionRow { id: "e8f518b7-1317-4435-bd7f-6740700ac50c", user_id: "0763E2E3053D4C478E1E6B6B03FEC207", store_id: Some("80004C94067A4CE5A34FC343EB1B4306"), permission: StocktakeMutate, context_id: None }, UserPermissionRow { id: "98d55b8b-3a3e-4485-9726-7ef81acd58cb", user_id: "0763E2E3053D4C478E1E6B6B03FEC207", store_id: Some("80004C94067A4CE5A34FC343EB1B4306"), permission: StockLineMutate, context_id: None }, UserPermissionRow { id: "526046e6-647c-4e4d-94f3-ac356606cf8c", user_id: "0763E2E3053D4C478E1E6B6B03FEC207", store_id: Some("80004C94067A4CE5A34FC343EB1B4306"), permission: RequisitionQuery, context_id: None }, UserPermissionRow { id: "7ed54e97-6d38-4df1-9ab5-417f97b26010", user_id: "0763E2E3053D4C478E1E6B6B03FEC207", store_id: Some("80004C94067A4CE5A34FC343EB1B4306"), permission: PrescriptionMutate, context_id: None }, UserPermissionRow { id: "e1e4963b-2ebb-41ca-9f39-2c3ec99d698e", user_id: "0763E2E3053D4C478E1E6B6B03FEC207", store_id: Some("80004C94067A4CE5A34FC343EB1B4306"), permission: OutboundShipmentQuery, context_id: None }, UserPermissionRow { id: "49f1f9d3-7eff-4f1a-b94e-137ef7b2819a", user_id: "0763E2E3053D4C478E1E6B6B03FEC207", store_id: Some("80004C94067A4CE5A34FC343EB1B4306"), permission: RequisitionMutate, context_id: None }, UserPermissionRow { id: "956ad87b-332f-48f0-9ca0-ae482c059e75", user_id: "0763E2E3053D4C478E1E6B6B03FEC207", store_id: Some("80004C94067A4CE5A34FC343EB1B4306"), permission: OutboundShipmentMutate, context_id: None }, UserPermissionRow { id: "888ec132-7155-4a28-8cd6-cbcbb859baed", user_id: "0763E2E3053D4C478E1E6B6B03FEC207", store_id: Some("80004C94067A4CE5A34FC343EB1B4306"), permission: ItemMutate, context_id: None }, UserPermissionRow { id: "d07f9b3a-66bc-48da-ba7b-e0123636cb29", user_id: "0763E2E3053D4C478E1E6B6B03FEC207", store_id: Some("80004C94067A4CE5A34FC343EB1B4306"), permission: StocktakeQuery, context_id: None }, UserPermissionRow { id: "e99c5e76-3980-4277-ac4a-34c2f7ef2622", user_id: "0763E2E3053D4C478E1E6B6B03FEC207", store_id: Some("80004C94067A4CE5A34FC343EB1B4306"), permission: PatientQuery, context_id: None }] }
2023-12-29 20:48:27.657957000 [WARN] <service::user_account:101>:Failed to insert store permissions(foreign key constraint is violated "FOREIGN KEY constraint failed"): StorePermissions { user_store_join: UserStoreJoinRow { id: "DC4A3E0C56114012B96972032EDB71E0", user_id: "0763E2E3053D4C478E1E6B6B03FEC207", store_id: "8D967C2618BE4D78B3A6FAD6C1C8FF25", is_default: false }, permissions: [UserPermissionRow { id: "97523c59-9f7e-435e-8e0c-3b7bc14eb043", user_id: "0763E2E3053D4C478E1E6B6B03FEC207", store_id: Some("8D967C2618BE4D78B3A6FAD6C1C8FF25"), permission: InboundShipmentQuery, context_id: None }, UserPermissionRow { id: "776e7c55-6088-4cb0-970c-cf0b22ef7f43", user_id: "0763E2E3053D4C478E1E6B6B03FEC207", store_id: Some("8D967C2618BE4D78B3A6FAD6C1C8FF25"), permission: OutboundShipmentMutate, context_id: None }, UserPermissionRow { id: "e90f46ea-6645-454b-89f8-3a6f52e610c8", user_id: "0763E2E3053D4C478E1E6B6B03FEC207", store_id: Some("8D967C2618BE4D78B3A6FAD6C1C8FF25"), permission: ItemMutate, context_id: None }, UserPermissionRow { id: "31a27488-e0fd-4d0a-a845-902ff0ad09d2", user_id: "0763E2E3053D4C478E1E6B6B03FEC207", store_id: Some("8D967C2618BE4D78B3A6FAD6C1C8FF25"), permission: PatientMutate, context_id: None }, UserPermissionRow { id: "e84375d6-21aa-4970-88dc-04570dd65449", user_id: "0763E2E3053D4C478E1E6B6B03FEC207", store_id: Some("8D967C2618BE4D78B3A6FAD6C1C8FF25"), permission: PatientQuery, context_id: None }, UserPermissionRow { id: "01b943d4-614e-46cc-a1a1-fe50f134ce14", user_id: "0763E2E3053D4C478E1E6B6B03FEC207", store_id: Some("8D967C2618BE4D78B3A6FAD6C1C8FF25"), permission: StoreAccess, context_id: None }, UserPermissionRow { id: "bfd72286-527a-4bc0-96b4-ec43a1409cb8", user_id: "0763E2E3053D4C478E1E6B6B03FEC207", store_id: Some("8D967C2618BE4D78B3A6FAD6C1C8FF25"), permission: CreateRepack, context_id: None }, UserPermissionRow { id: "c7d60725-e468-4a0c-b851-027cb29fe379", user_id: "0763E2E3053D4C478E1E6B6B03FEC207", store_id: Some("8D967C2618BE4D78B3A6FAD6C1C8FF25"), permission: Report, context_id: None }, UserPermissionRow { id: "38bcae95-02f7-4c98-be36-cb6af3557c49", user_id: "0763E2E3053D4C478E1E6B6B03FEC207", store_id: Some("8D967C2618BE4D78B3A6FAD6C1C8FF25"), permission: LogQuery, context_id: None }, UserPermissionRow { id: "3b21c516-6f7b-467f-99bb-1eab9e5f00f5", user_id: "0763E2E3053D4C478E1E6B6B03FEC207", store_id: Some("8D967C2618BE4D78B3A6FAD6C1C8FF25"), permission: LocationMutate, context_id: None }, UserPermissionRow { id: "80687338-dd7a-4bde-b5dd-ba74fe237fa6", user_id: "0763E2E3053D4C478E1E6B6B03FEC207", store_id: Some("8D967C2618BE4D78B3A6FAD6C1C8FF25"), permission: PrescriptionQuery, context_id: None }, UserPermissionRow { id: "86e882a9-7605-4733-85f1-47aabe161eaa", user_id: "0763E2E3053D4C478E1E6B6B03FEC207", store_id: Some("8D967C2618BE4D78B3A6FAD6C1C8FF25"), permission: StocktakeMutate, context_id: None }, UserPermissionRow { id: "82a57b97-44ec-4bc1-b505-d5c93e7cc07d", user_id: "0763E2E3053D4C478E1E6B6B03FEC207", store_id: Some("8D967C2618BE4D78B3A6FAD6C1C8FF25"), permission: RequisitionMutate, context_id: None }, UserPermissionRow { id: "5b5a7ec7-4daf-4645-b734-58155a8ebc06", user_id: "0763E2E3053D4C478E1E6B6B03FEC207", store_id: Some("8D967C2618BE4D78B3A6FAD6C1C8FF25"), permission: InboundShipmentMutate, context_id: None }, UserPermissionRow { id: "6ae321d2-6fad-4a22-a653-d3e3e1fc9bc8", user_id: "0763E2E3053D4C478E1E6B6B03FEC207", store_id: Some("8D967C2618BE4D78B3A6FAD6C1C8FF25"), permission: PrescriptionMutate, context_id: None }, UserPermissionRow { id: "251f5721-18e9-40ff-a259-4e250e4b65b3", user_id: "0763E2E3053D4C478E1E6B6B03FEC207", store_id: Some("8D967C2618BE4D78B3A6FAD6C1C8FF25"), permission: OutboundShipmentQuery, context_id: None }, UserPermissionRow { id: "0eba29b8-7293-430b-9ddd-0a9f706cd246", user_id: "0763E2E3053D4C478E1E6B6B03FEC207", store_id: Some("8D967C2618BE4D78B3A6FAD6C1C8FF25"), permission: StocktakeQuery, context_id: None }, UserPermissionRow { id: "2ac80373-d951-440a-87de-4cf114ff9f72", user_id: "0763E2E3053D4C478E1E6B6B03FEC207", store_id: Some("8D967C2618BE4D78B3A6FAD6C1C8FF25"), permission: StockLineQuery, context_id: None }, UserPermissionRow { id: "63fe1b1b-346f-4476-9d74-8745355495d6", user_id: "0763E2E3053D4C478E1E6B6B03FEC207", store_id: Some("8D967C2618BE4D78B3A6FAD6C1C8FF25"), permission: StockLineMutate, context_id: None }, UserPermissionRow { id: "dc640235-a75a-45af-bf0b-cd56e260c0ab", user_id: "0763E2E3053D4C478E1E6B6B03FEC207", store_id: Some("8D967C2618BE4D78B3A6FAD6C1C8FF25"), permission: RequisitionQuery, context_id: None }] }
2023-12-29 20:48:27.658541000 [WARN] <service::user_account:101>:Failed to insert store permissions(foreign key constraint is violated "FOREIGN KEY constraint failed"): StorePermissions { user_store_join: UserStoreJoinRow { id: "2A78CADC0D764D98BC3E5EC7A04EF7F0", user_id: "0763E2E3053D4C478E1E6B6B03FEC207", store_id: "34660F1A61E249DF9777FCC6588FE98C", is_default: false }, permissions: [UserPermissionRow { id: "a21e3f2d-72fa-4378-8a62-e1ee02779dc0", user_id: "0763E2E3053D4C478E1E6B6B03FEC207", store_id: Some("34660F1A61E249DF9777FCC6588FE98C"), permission: PrescriptionQuery, context_id: None }, UserPermissionRow { id: "f7fa17db-6060-47c9-b0e6-a08661171e87", user_id: "0763E2E3053D4C478E1E6B6B03FEC207", store_id: Some("34660F1A61E249DF9777FCC6588FE98C"), permission: LogQuery, context_id: None }, UserPermissionRow { id: "6facf9fa-e089-49e8-b646-9fb73cc1fc12", user_id: "0763E2E3053D4C478E1E6B6B03FEC207", store_id: Some("34660F1A61E249DF9777FCC6588FE98C"), permission: RequisitionMutate, context_id: None }, UserPermissionRow { id: "f703b908-df50-4d10-8fad-17f72afa5354", user_id: "0763E2E3053D4C478E1E6B6B03FEC207", store_id: Some("34660F1A61E249DF9777FCC6588FE98C"), permission: StocktakeQuery, context_id: None }, UserPermissionRow { id: "8819a7df-e252-4dc2-bdf1-364d2a19ae49", user_id: "0763E2E3053D4C478E1E6B6B03FEC207", store_id: Some("34660F1A61E249DF9777FCC6588FE98C"), permission: RequisitionQuery, context_id: None }, UserPermissionRow { id: "a5390aa5-44b0-4458-a394-910d02e39ecd", user_id: "0763E2E3053D4C478E1E6B6B03FEC207", store_id: Some("34660F1A61E249DF9777FCC6588FE98C"), permission: StoreAccess, context_id: None }, UserPermissionRow { id: "f986c455-8e96-44bc-90ef-56af967d328e", user_id: "0763E2E3053D4C478E1E6B6B03FEC207", store_id: Some("34660F1A61E249DF9777FCC6588FE98C"), permission: StocktakeMutate, context_id: None }, UserPermissionRow { id: "47094425-1ee5-4a4c-a086-bbd914d3f014", user_id: "0763E2E3053D4C478E1E6B6B03FEC207", store_id: Some("34660F1A61E249DF9777FCC6588FE98C"), permission: InboundShipmentMutate, context_id: None }, UserPermissionRow { id: "ea53fa20-e22b-4cc0-96a0-ca9eded2d936", user_id: "0763E2E3053D4C478E1E6B6B03FEC207", store_id: Some("34660F1A61E249DF9777FCC6588FE98C"), permission: InboundShipmentQuery, context_id: None }, UserPermissionRow { id: "b48ad4be-012b-4e9b-9cee-82c8c9accd68", user_id: "0763E2E3053D4C478E1E6B6B03FEC207", store_id: Some("34660F1A61E249DF9777FCC6588FE98C"), permission: OutboundShipmentMutate, context_id: None }, UserPermissionRow { id: "2bff22e8-e079-4c62-9ee2-bd190b109f2d", user_id: "0763E2E3053D4C478E1E6B6B03FEC207", store_id: Some("34660F1A61E249DF9777FCC6588FE98C"), permission: Report, context_id: None }, UserPermissionRow { id: "54f0d600-1aaf-4974-bf9b-83e410eb60ff", user_id: "0763E2E3053D4C478E1E6B6B03FEC207", store_id: Some("34660F1A61E249DF9777FCC6588FE98C"), permission: PrescriptionMutate, context_id: None }, UserPermissionRow { id: "400d9627-3666-482f-9df1-6dabd744c8e1", user_id: "0763E2E3053D4C478E1E6B6B03FEC207", store_id: Some("34660F1A61E249DF9777FCC6588FE98C"), permission: OutboundShipmentQuery, context_id: None }, UserPermissionRow { id: "99188cf8-b5b7-4cbf-82e1-db9fedca4734", user_id: "0763E2E3053D4C478E1E6B6B03FEC207", store_id: Some("34660F1A61E249DF9777FCC6588FE98C"), permission: StockLineQuery, context_id: None }, UserPermissionRow { id: "5edd6439-544f-4843-9c57-0047f85a5f9f", user_id: "0763E2E3053D4C478E1E6B6B03FEC207", store_id: Some("34660F1A61E249DF9777FCC6588FE98C"), permission: PatientQuery, context_id: None }, UserPermissionRow { id: "975752c6-39b0-4a14-bba3-07bbec31ab7b", user_id: "0763E2E3053D4C478E1E6B6B03FEC207", store_id: Some("34660F1A61E249DF9777FCC6588FE98C"), permission: ServerAdmin, context_id: None }, UserPermissionRow { id: "64299e55-635f-473e-a92e-c794176c7098", user_id: "0763E2E3053D4C478E1E6B6B03FEC207", store_id: Some("34660F1A61E249DF9777FCC6588FE98C"), permission: CreateRepack, context_id: None }, UserPermissionRow { id: "bb3b6763-a200-47b6-9759-be07434d9586", user_id: "0763E2E3053D4C478E1E6B6B03FEC207", store_id: Some("34660F1A61E249DF9777FCC6588FE98C"), permission: PatientMutate, context_id: None }, UserPermissionRow { id: "ead0c75f-5af1-4aed-b295-1e033e9c1038", user_id: "0763E2E3053D4C478E1E6B6B03FEC207", store_id: Some("34660F1A61E249DF9777FCC6588FE98C"), permission: StockLineMutate, context_id: None }, UserPermissionRow { id: "73688e38-4bac-4832-8863-dd073c6ea73a", user_id: "0763E2E3053D4C478E1E6B6B03FEC207", store_id: Some("34660F1A61E249DF9777FCC6588FE98C"), permission: LocationMutate, context_id: None }, UserPermissionRow { id: "4384dff4-95f8-44b6-a35d-4e2d247f0b22", user_id: "0763E2E3053D4C478E1E6B6B03FEC207", store_id: Some("34660F1A61E249DF9777FCC6588FE98C"), permission: ItemMutate, context_id: None }] }
2023-12-29 20:48:27.659057000 [WARN] <service::user_account:101>:Failed to insert store permissions(foreign key constraint is violated "FOREIGN KEY constraint failed"): StorePermissions { user_store_join: UserStoreJoinRow { id: "ABBFB3C423584E9493C39DCCCFBC8DDC", user_id: "0763E2E3053D4C478E1E6B6B03FEC207", store_id: "3934979D64934D12A1757BA65F07931D", is_default: false }, permissions: [UserPermissionRow { id: "69afddd2-afe4-42a2-b2c9-f554865ea30e", user_id: "0763E2E3053D4C478E1E6B6B03FEC207", store_id: Some("3934979D64934D12A1757BA65F07931D"), permission: StocktakeQuery, context_id: None }, UserPermissionRow { id: "b22f40eb-1d26-4d9b-a7f2-35ecab1a6002", user_id: "0763E2E3053D4C478E1E6B6B03FEC207", store_id: Some("3934979D64934D12A1757BA65F07931D"), permission: OutboundShipmentMutate, context_id: None }, UserPermissionRow { id: "62fb50fe-b681-40ef-94e1-5792874dbf2c", user_id: "0763E2E3053D4C478E1E6B6B03FEC207", store_id: Some("3934979D64934D12A1757BA65F07931D"), permission: Report, context_id: None }, UserPermissionRow { id: "2546e520-d5d5-48aa-acfc-28b003a83a99", user_id: "0763E2E3053D4C478E1E6B6B03FEC207", store_id: Some("3934979D64934D12A1757BA65F07931D"), permission: ServerAdmin, context_id: None }, UserPermissionRow { id: "41941d27-61c2-423a-8d1b-730f262a75a6", user_id: "0763E2E3053D4C478E1E6B6B03FEC207", store_id: Some("3934979D64934D12A1757BA65F07931D"), permission: PrescriptionQuery, context_id: None }, UserPermissionRow { id: "f8e6dd39-2285-4f21-ac05-e3e404c61cf4", user_id: "0763E2E3053D4C478E1E6B6B03FEC207", store_id: Some("3934979D64934D12A1757BA65F07931D"), permission: StoreAccess, context_id: None }, UserPermissionRow { id: "b74c7df0-8601-4868-a651-1df02c056fd1", user_id: "0763E2E3053D4C478E1E6B6B03FEC207", store_id: Some("3934979D64934D12A1757BA65F07931D"), permission: LogQuery, context_id: None }, UserPermissionRow { id: "149b9b0c-0556-47b5-8bed-eb63cab8d088", user_id: "0763E2E3053D4C478E1E6B6B03FEC207", store_id: Some("3934979D64934D12A1757BA65F07931D"), permission: PrescriptionMutate, context_id: None }, UserPermissionRow { id: "d81cbbaf-fcd0-47e2-85d7-42f4f03d4845", user_id: "0763E2E3053D4C478E1E6B6B03FEC207", store_id: Some("3934979D64934D12A1757BA65F07931D"), permission: StockLineQuery, context_id: None }, UserPermissionRow { id: "7aa581b1-87dc-4eae-b4a7-5e0f73c6a040", user_id: "0763E2E3053D4C478E1E6B6B03FEC207", store_id: Some("3934979D64934D12A1757BA65F07931D"), permission: ItemMutate, context_id: None }, UserPermissionRow { id: "30787d2b-9cc8-4253-b79f-a8fd4ad184c0", user_id: "0763E2E3053D4C478E1E6B6B03FEC207", store_id: Some("3934979D64934D12A1757BA65F07931D"), permission: InboundShipmentQuery, context_id: None }, UserPermissionRow { id: "bf3a6b67-3523-4b1e-90e4-f63d168c0448", user_id: "0763E2E3053D4C478E1E6B6B03FEC207", store_id: Some("3934979D64934D12A1757BA65F07931D"), permission: RequisitionQuery, context_id: None }, UserPermissionRow { id: "5b44ed18-dcc1-490a-aa44-06bf4bda4e0c", user_id: "0763E2E3053D4C478E1E6B6B03FEC207", store_id: Some("3934979D64934D12A1757BA65F07931D"), permission: PatientMutate, context_id: None }, UserPermissionRow { id: "3d57a548-fa7d-4fb7-9eab-23b02bde6822", user_id: "0763E2E3053D4C478E1E6B6B03FEC207", store_id: Some("3934979D64934D12A1757BA65F07931D"), permission: InboundShipmentMutate, context_id: None }, UserPermissionRow { id: "ff2253a0-d7bb-4b72-8982-20fe1bafac71", user_id: "0763E2E3053D4C478E1E6B6B03FEC207", store_id: Some("3934979D64934D12A1757BA65F07931D"), permission: PatientQuery, context_id: None }, UserPermissionRow { id: "ebae82bc-3388-4434-9535-ddd5d90d27a6", user_id: "0763E2E3053D4C478E1E6B6B03FEC207", store_id: Some("3934979D64934D12A1757BA65F07931D"), permission: StocktakeMutate, context_id: None }, UserPermissionRow { id: "975874a5-ad53-4905-8805-d3dfcf811af8", user_id: "0763E2E3053D4C478E1E6B6B03FEC207", store_id: Some("3934979D64934D12A1757BA65F07931D"), permission: OutboundShipmentQuery, context_id: None }, UserPermissionRow { id: "48f60594-c16e-43e0-b682-c1f39720cea3", user_id: "0763E2E3053D4C478E1E6B6B03FEC207", store_id: Some("3934979D64934D12A1757BA65F07931D"), permission: CreateRepack, context_id: None }, UserPermissionRow { id: "3f29aa9f-2b2e-4585-a787-5ff7e18fc57c", user_id: "0763E2E3053D4C478E1E6B6B03FEC207", store_id: Some("3934979D64934D12A1757BA65F07931D"), permission: StockLineMutate, context_id: None }, UserPermissionRow { id: "882dc1b6-da5b-4f7e-bca8-1e900fcfc483", user_id: "0763E2E3053D4C478E1E6B6B03FEC207", store_id: Some("3934979D64934D12A1757BA65F07931D"), permission: LocationMutate, context_id: None }, UserPermissionRow { id: "e7419c5f-f593-4e45-98c0-804f14bd5309", user_id: "0763E2E3053D4C478E1E6B6B03FEC207", store_id: Some("3934979D64934D12A1757BA65F07931D"), permission: RequisitionMutate, context_id: None }] }
2023-12-29 20:48:27.661614000 [WARN] <service::user_account:101>:Failed to insert store permissions(foreign key constraint is violated "FOREIGN KEY constraint failed"): StorePermissions { user_store_join: UserStoreJoinRow { id: "1A4645B31AA04A22905452A0173063AE", user_id: "0763E2E3053D4C478E1E6B6B03FEC207", store_id: "1E31B3575A284B7DB27EE755102446FE", is_default: false }, permissions: [UserPermissionRow { id: "f2ca54e9-ab5c-4d3f-a5c9-a2ff20bd0ecd", user_id: "0763E2E3053D4C478E1E6B6B03FEC207", store_id: Some("1E31B3575A284B7DB27EE755102446FE"), permission: OutboundShipmentMutate, context_id: None }, UserPermissionRow { id: "6df63d23-6ac3-460c-aafc-9cfca2d2c46f", user_id: "0763E2E3053D4C478E1E6B6B03FEC207", store_id: Some("1E31B3575A284B7DB27EE755102446FE"), permission: PrescriptionMutate, context_id: None }, UserPermissionRow { id: "ffd4de90-3fc8-4550-963f-cfc052e0a692", user_id: "0763E2E3053D4C478E1E6B6B03FEC207", store_id: Some("1E31B3575A284B7DB27EE755102446FE"), permission: RequisitionQuery, context_id: None }, UserPermissionRow { id: "4e33aa80-628e-400c-8220-22505c357ba0", user_id: "0763E2E3053D4C478E1E6B6B03FEC207", store_id: Some("1E31B3575A284B7DB27EE755102446FE"), permission: InboundShipmentMutate, context_id: None }, UserPermissionRow { id: "25a24a32-c80d-46bc-a88a-ebad4d91ee3b", user_id: "0763E2E3053D4C478E1E6B6B03FEC207", store_id: Some("1E31B3575A284B7DB27EE755102446FE"), permission: StoreAccess, context_id: None }, UserPermissionRow { id: "166b05c5-f0be-46df-9599-58197bf9e2cc", user_id: "0763E2E3053D4C478E1E6B6B03FEC207", store_id: Some("1E31B3575A284B7DB27EE755102446FE"), permission: PrescriptionQuery, context_id: None }, UserPermissionRow { id: "c2555c34-5ce1-4ced-a9ce-bc67e9ecd15b", user_id: "0763E2E3053D4C478E1E6B6B03FEC207", store_id: Some("1E31B3575A284B7DB27EE755102446FE"), permission: StockLineQuery, context_id: None }, UserPermissionRow { id: "f97cdc8d-4d7b-4f0b-8175-d2209f45ead5", user_id: "0763E2E3053D4C478E1E6B6B03FEC207", store_id: Some("1E31B3575A284B7DB27EE755102446FE"), permission: CreateRepack, context_id: None }, UserPermissionRow { id: "25ac5584-cc3a-4d68-ad6e-752ae4c8afee", user_id: "0763E2E3053D4C478E1E6B6B03FEC207", store_id: Some("1E31B3575A284B7DB27EE755102446FE"), permission: StocktakeMutate, context_id: None }, UserPermissionRow { id: "bf7885f4-35e1-485d-92ce-574629fd17d2", user_id: "0763E2E3053D4C478E1E6B6B03FEC207", store_id: Some("1E31B3575A284B7DB27EE755102446FE"), permission: ItemMutate, context_id: None }, UserPermissionRow { id: "5cb82529-659d-4340-ba45-1dec69c367cb", user_id: "0763E2E3053D4C478E1E6B6B03FEC207", store_id: Some("1E31B3575A284B7DB27EE755102446FE"), permission: StockLineMutate, context_id: None }, UserPermissionRow { id: "6359eabd-7cdf-4c79-8f0e-ffcce5ed0c85", user_id: "0763E2E3053D4C478E1E6B6B03FEC207", store_id: Some("1E31B3575A284B7DB27EE755102446FE"), permission: OutboundShipmentQuery, context_id: None }, UserPermissionRow { id: "187e3a61-01aa-42bf-a481-725b33024456", user_id: "0763E2E3053D4C478E1E6B6B03FEC207", store_id: Some("1E31B3575A284B7DB27EE755102446FE"), permission: InboundShipmentQuery, context_id: None }, UserPermissionRow { id: "72653ecf-6b0c-460c-8ebc-ba273d10c7ca", user_id: "0763E2E3053D4C478E1E6B6B03FEC207", store_id: Some("1E31B3575A284B7DB27EE755102446FE"), permission: PatientMutate, context_id: None }, UserPermissionRow { id: "aaecba3d-b447-4e35-a787-a8bd6654b1f8", user_id: "0763E2E3053D4C478E1E6B6B03FEC207", store_id: Some("1E31B3575A284B7DB27EE755102446FE"), permission: PatientQuery, context_id: None }, UserPermissionRow { id: "6f61fc9d-cf2d-4da5-915f-e6550eef4232", user_id: "0763E2E3053D4C478E1E6B6B03FEC207", store_id: Some("1E31B3575A284B7DB27EE755102446FE"), permission: StocktakeQuery, context_id: None }, UserPermissionRow { id: "3ed66cb9-7338-4df3-87c5-1b2d9046c8a0", user_id: "0763E2E3053D4C478E1E6B6B03FEC207", store_id: Some("1E31B3575A284B7DB27EE755102446FE"), permission: Report, context_id: None }, UserPermissionRow { id: "5c6e1e68-a103-4299-88af-90d491548a12", user_id: "0763E2E3053D4C478E1E6B6B03FEC207", store_id: Some("1E31B3575A284B7DB27EE755102446FE"), permission: RequisitionMutate, context_id: None }, UserPermissionRow { id: "0aff6d29-fec8-4f5c-b977-1b518e26a7ce", user_id: "0763E2E3053D4C478E1E6B6B03FEC207", store_id: Some("1E31B3575A284B7DB27EE755102446FE"), permission: ServerAdmin, context_id: None }, UserPermissionRow { id: "dd93a1a5-a07b-479c-b5f2-42c48b2d0916", user_id: "0763E2E3053D4C478E1E6B6B03FEC207", store_id: Some("1E31B3575A284B7DB27EE755102446FE"), permission: LocationMutate, context_id: None }, UserPermissionRow { id: "e73873fc-52d2-4301-860e-f86adbb3f732", user_id: "0763E2E3053D4C478E1E6B6B03FEC207", store_id: Some("1E31B3575A284B7DB27EE755102446FE"), permission: LogQuery, context_id: None }] }
2023-12-29 20:48:27.665082000 [WARN] <service::user_account:101>:Failed to insert store permissions(foreign key constraint is violated "FOREIGN KEY constraint failed"): StorePermissions { user_store_join: UserStoreJoinRow { id: "CA4528A040294F0D95B9B7FEE9CFB4AF", user_id: "0763E2E3053D4C478E1E6B6B03FEC207", store_id: "D0E298893F3945DABE80B138E25D3D15", is_default: false }, permissions: [UserPermissionRow { id: "59721220-29a9-40d3-81d2-b373d5fa048d", user_id: "0763E2E3053D4C478E1E6B6B03FEC207", store_id: Some("D0E298893F3945DABE80B138E25D3D15"), permission: RequisitionMutate, context_id: None }, UserPermissionRow { id: "8de87254-5acb-409b-88f1-e06e8b6d6b28", user_id: "0763E2E3053D4C478E1E6B6B03FEC207", store_id: Some("D0E298893F3945DABE80B138E25D3D15"), permission: StoreAccess, context_id: None }, UserPermissionRow { id: "aa2bfe37-c6cf-4f03-aef4-7e43fa7fa8ea", user_id: "0763E2E3053D4C478E1E6B6B03FEC207", store_id: Some("D0E298893F3945DABE80B138E25D3D15"), permission: StockLineQuery, context_id: None }, UserPermissionRow { id: "279ef8e8-a89b-4e81-ad5b-b2e6d8972657", user_id: "0763E2E3053D4C478E1E6B6B03FEC207", store_id: Some("D0E298893F3945DABE80B138E25D3D15"), permission: PrescriptionMutate, context_id: None }, UserPermissionRow { id: "e7e79c40-1366-4dbd-a252-b9d6740914ff", user_id: "0763E2E3053D4C478E1E6B6B03FEC207", store_id: Some("D0E298893F3945DABE80B138E25D3D15"), permission: StocktakeMutate, context_id: None }, UserPermissionRow { id: "0e13035c-6290-40e0-a77a-1380b4233df4", user_id: "0763E2E3053D4C478E1E6B6B03FEC207", store_id: Some("D0E298893F3945DABE80B138E25D3D15"), permission: Report, context_id: None }, UserPermissionRow { id: "e23b3ba1-7a86-4b4a-8f0a-aef94d0c75bf", user_id: "0763E2E3053D4C478E1E6B6B03FEC207", store_id: Some("D0E298893F3945DABE80B138E25D3D15"), permission: RequisitionQuery, context_id: None }, UserPermissionRow { id: "764c0104-b8ca-4c8a-8381-bc36a9569b1a", user_id: "0763E2E3053D4C478E1E6B6B03FEC207", store_id: Some("D0E298893F3945DABE80B138E25D3D15"), permission: StocktakeQuery, context_id: None }, UserPermissionRow { id: "e71a24d8-396d-46f5-95db-92814c31b27e", user_id: "0763E2E3053D4C478E1E6B6B03FEC207", store_id: Some("D0E298893F3945DABE80B138E25D3D15"), permission: LogQuery, context_id: None }, UserPermissionRow { id: "6141bbe6-166c-4b85-b4d4-9f632d4edccc", user_id: "0763E2E3053D4C478E1E6B6B03FEC207", store_id: Some("D0E298893F3945DABE80B138E25D3D15"), permission: CreateRepack, context_id: None }, UserPermissionRow { id: "2d7ababe-175d-4bd0-beb5-96234effcbd1", user_id: "0763E2E3053D4C478E1E6B6B03FEC207", store_id: Some("D0E298893F3945DABE80B138E25D3D15"), permission: ServerAdmin, context_id: None }, UserPermissionRow { id: "d3005f69-f385-43f1-988e-07db4d7efe94", user_id: "0763E2E3053D4C478E1E6B6B03FEC207", store_id: Some("D0E298893F3945DABE80B138E25D3D15"), permission: PrescriptionQuery, context_id: None }, UserPermissionRow { id: "088d352f-057f-4946-b62d-d05bfa4b210c", user_id: "0763E2E3053D4C478E1E6B6B03FEC207", store_id: Some("D0E298893F3945DABE80B138E25D3D15"), permission: LocationMutate, context_id: None }, UserPermissionRow { id: "5c4d73fe-7769-459f-8ac9-01f5c87b0fdd", user_id: "0763E2E3053D4C478E1E6B6B03FEC207", store_id: Some("D0E298893F3945DABE80B138E25D3D15"), permission: OutboundShipmentQuery, context_id: None }, UserPermissionRow { id: "c5fa899e-aa89-4c96-a6ba-c1d3101f506e", user_id: "0763E2E3053D4C478E1E6B6B03FEC207", store_id: Some("D0E298893F3945DABE80B138E25D3D15"), permission: InboundShipmentMutate, context_id: None }, UserPermissionRow { id: "ab081dc0-8d86-4a64-9a4b-1ccc8587715c", user_id: "0763E2E3053D4C478E1E6B6B03FEC207", store_id: Some("D0E298893F3945DABE80B138E25D3D15"), permission: ItemMutate, context_id: None }, UserPermissionRow { id: "40dfce4e-7d68-4612-b7f9-9d7368e07b9d", user_id: "0763E2E3053D4C478E1E6B6B03FEC207", store_id: Some("D0E298893F3945DABE80B138E25D3D15"), permission: PatientQuery, context_id: None }, UserPermissionRow { id: "623cb7fc-f52f-489a-954f-c65a86e86abf", user_id: "0763E2E3053D4C478E1E6B6B03FEC207", store_id: Some("D0E298893F3945DABE80B138E25D3D15"), permission: PatientMutate, context_id: None }, UserPermissionRow { id: "aede1b7b-e2c7-4e36-9ffa-6bf25499d8dd", user_id: "0763E2E3053D4C478E1E6B6B03FEC207", store_id: Some("D0E298893F3945DABE80B138E25D3D15"), permission: OutboundShipmentMutate, context_id: None }, UserPermissionRow { id: "7694d74f-39c7-40f0-8e56-635133d0b7f8", user_id: "0763E2E3053D4C478E1E6B6B03FEC207", store_id: Some("D0E298893F3945DABE80B138E25D3D15"), permission: InboundShipmentQuery, context_id: None }, UserPermissionRow { id: "96a2c8dd-b338-4cb4-9cef-babd22ffc44d", user_id: "0763E2E3053D4C478E1E6B6B03FEC207", store_id: Some("D0E298893F3945DABE80B138E25D3D15"), permission: StockLineMutate, context_id: None }] }
2023-12-29 20:48:28.442141000 [INFO] <actix_web::middleware::logger:351>:127.0.0.1 "POST /graphql HTTP/1.1" 200 301 "http://localhost:3003/" "Mozilla/5.0 (Macintosh; Intel Mac OS X 10_15_7) AppleWebKit/537.36 (KHTML, like Gecko) Chrome/120.0.0.0 Safari/537.36" 1.598570
2023-12-29 20:48:28.458024000 [INFO] <actix_web::middleware::logger:351>:127.0.0.1 "POST /graphql HTTP/1.1" 200 159 "http://localhost:3003/" "Mozilla/5.0 (Macintosh; Intel Mac OS X 10_15_7) AppleWebKit/537.36 (KHTML, like Gecko) Chrome/120.0.0.0 Safari/537.36" 0.003872
2023-12-29 20:48:28.476193000 [INFO] <actix_web::middleware::logger:351>:127.0.0.1 "POST /graphql HTTP/1.1" 200 159 "http://localhost:3003/" "Mozilla/5.0 (Macintosh; Intel Mac OS X 10_15_7) AppleWebKit/537.36 (KHTML, like Gecko) Chrome/120.0.0.0 Safari/537.36" 0.003103
2023-12-29 20:48:28.634546000 [INFO] <actix_web::middleware::logger:351>:127.0.0.1 "POST /graphql HTTP/1.1" 200 1214 "http://localhost:3003/" "Mozilla/5.0 (Macintosh; Intel Mac OS X 10_15_7) AppleWebKit/537.36 (KHTML, like Gecko) Chrome/120.0.0.0 Safari/537.36" 0.008199
2023-12-29 20:48:28.715383000 [INFO] <actix_web::middleware::logger:351>:127.0.0.1 "POST /graphql HTTP/1.1" 200 159 "http://localhost:3003/" "Mozilla/5.0 (Macintosh; Intel Mac OS X 10_15_7) AppleWebKit/537.36 (KHTML, like Gecko) Chrome/120.0.0.0 Safari/537.36" 0.003654
2023-12-29 20:48:38.133173000 [INFO] <actix_web::middleware::logger:351>:127.0.0.1 "POST /graphql HTTP/1.1" 200 82 "http://localhost:3003/" "Mozilla/5.0 (Macintosh; Intel Mac OS X 10_15_7) AppleWebKit/537.36 (KHTML, like Gecko) Chrome/120.0.0.0 Safari/537.36" 0.008467
2023-12-29 20:48:38.135833000 [INFO] <actix_web::middleware::logger:351>:127.0.0.1 "POST /graphql HTTP/1.1" 200 67 "http://localhost:3003/" "Mozilla/5.0 (Macintosh; Intel Mac OS X 10_15_7) AppleWebKit/537.36 (KHTML, like Gecko) Chrome/120.0.0.0 Safari/537.36" 0.009860
2023-12-29 20:49:29.990861000 [INFO] <server:61>:Server starting in Development mode
2023-12-29 20:49:29.991447000 [INFO] <repository::database_settings:155>:Connecting to database 'omsupply-database'
2023-12-29 20:49:30.001462000 [INFO] <server:74>:Run DB migrations...
2023-12-29 20:49:30.002066000 [INFO] <repository:34>:
2023-12-29 20:49:30.003191000 [INFO] <server:78>:Run DB migrations...done
2023-12-29 20:49:30.003271000 [INFO] <server:81>:Initialising server context..
2023-12-29 20:49:30.003835000 [WARN] <server::certs:89>:No certificates found: Run in HTTP development mode
2023-12-29 20:49:30.004154000 [INFO] <server:99>:Initialising server context..done
2023-12-29 20:49:30.004342000 [INFO] <server:104>:Checking log settings..
2023-12-29 20:49:30.004763000 [INFO] <server:127>:Setting hardware uuid..
2023-12-29 20:49:30.041578000 [INFO] <server:141>:Setting hardware uuid..done [DB1E519B-3794-50E3-9555-8F15F835F1F3]
2023-12-29 20:49:30.041645000 [INFO] <server:144>:Checking sync status..
2023-12-29 20:49:30.043146000 [INFO] <server:201>:Creating graphql schema in operational mode..
2023-12-29 20:49:30.098129000 [INFO] <server:231>:Creating graphql schema..done
2023-12-29 20:49:30.098189000 [INFO] <server:237>:Starting server DNS-SD discovery
2023-12-29 20:49:30.098253000 [INFO] <server:241>:Starting discovery graphql server
2023-12-29 20:50:16.944787000 [INFO] <server:61>:Server starting in Development mode
2023-12-29 20:50:16.944903000 [INFO] <repository::database_settings:155>:Connecting to database 'omsupply-database'
2023-12-29 20:50:16.955258000 [INFO] <server:74>:Run DB migrations...
2023-12-29 20:50:16.956204000 [INFO] <repository:34>:
2023-12-29 20:50:16.958035000 [INFO] <server:78>:Run DB migrations...done
2023-12-29 20:50:16.958203000 [INFO] <server:81>:Initialising server context..
2023-12-29 20:50:16.958702000 [WARN] <server::certs:89>:No certificates found: Run in HTTP development mode
2023-12-29 20:50:16.959005000 [INFO] <server:99>:Initialising server context..done
2023-12-29 20:50:16.959077000 [INFO] <server:104>:Checking log settings..
2023-12-29 20:50:16.959349000 [INFO] <server:127>:Setting hardware uuid..
2023-12-29 20:50:16.994182000 [INFO] <server:141>:Setting hardware uuid..done [DB1E519B-3794-50E3-9555-8F15F835F1F3]
2023-12-29 20:50:16.994254000 [INFO] <server:144>:Checking sync status..
2023-12-29 20:50:16.995600000 [INFO] <server:201>:Creating graphql schema in operational mode..
2023-12-29 20:50:17.073422000 [INFO] <server:231>:Creating graphql schema..done
2023-12-29 20:50:17.073679000 [INFO] <server:237>:Starting server DNS-SD discovery
2023-12-29 20:50:17.073838000 [INFO] <server:241>:Starting discovery graphql server
2023-12-29 20:50:17.074436000 [INFO] <actix_server::builder:200>:Starting 4 workers
2023-12-29 20:50:17.080424000 [INFO] <server:269>:Initialising http server..
2023-12-29 20:50:17.080653000 [INFO] <server:304>:Initialising http server..done
2023-12-29 20:50:17.080699000 [INFO] <actix_server::builder:200>:Starting 4 workers
2023-12-29 20:50:17.081503000 [INFO] <server:308>:Server started, running on port: 8000, version: 1.6.0
2023-12-29 20:50:17.082465000 [INFO] <service::sync::sync_status::logger:47>:Sync started
2023-12-29 20:50:17.084315000 [INFO] <service::sync::sync_status::logger:71>:Sync step started PrepareInitial
2023-12-29 20:50:17.085046000 [INFO] <service::sync::sync_status::logger:141>:Sync step finished PrepareInitial
2023-12-29 20:50:17.085761000 [INFO] <service::sync::sync_status::logger:71>:Sync step started Push
2023-12-29 20:51:24.877376000 [INFO] <actix_server::server:196>:Actix runtime found; starting in Actix runtime
2023-12-29 20:51:24.885082000 [INFO] <actix_server::server:196>:Actix runtime found; starting in Actix runtime
2023-12-29 20:51:25.613435000 [INFO] <astro_dnssd::os::apple::register:44>:Got reply
2023-12-29 20:51:25.613619000 [INFO] <astro_dnssd::os::apple::register:78>:Reply info sent
2023-12-29 20:52:20.419187000 [INFO] <server:61>:Server starting in Development mode
2023-12-29 20:52:20.419272000 [INFO] <repository::database_settings:155>:Connecting to database 'omsupply-database'
2023-12-29 20:52:20.429110000 [INFO] <server:74>:Run DB migrations...
2023-12-29 20:52:20.429829000 [INFO] <repository:34>:
2023-12-29 20:52:20.431064000 [INFO] <server:78>:Run DB migrations...done
2023-12-29 20:52:20.431119000 [INFO] <server:81>:Initialising server context..
2023-12-29 20:52:20.431576000 [WARN] <server::certs:89>:No certificates found: Run in HTTP development mode
2023-12-29 20:52:20.431755000 [INFO] <server:99>:Initialising server context..done
2023-12-29 20:52:20.431820000 [INFO] <server:104>:Checking log settings..
2023-12-29 20:52:20.432064000 [INFO] <server:127>:Setting hardware uuid..
2023-12-29 20:52:20.461016000 [INFO] <server:141>:Setting hardware uuid..done [DB1E519B-3794-50E3-9555-8F15F835F1F3]
2023-12-29 20:52:20.461054000 [INFO] <server:144>:Checking sync status..
2023-12-29 20:52:20.462634000 [INFO] <server:201>:Creating graphql schema in operational mode..
2023-12-29 20:52:20.518288000 [INFO] <server:231>:Creating graphql schema..done
2023-12-29 20:52:20.518354000 [INFO] <server:237>:Starting server DNS-SD discovery
2023-12-29 20:52:20.518420000 [INFO] <server:241>:Starting discovery graphql server
2023-12-29 20:52:20.518760000 [INFO] <actix_server::builder:200>:Starting 4 workers
2023-12-29 20:52:20.524572000 [INFO] <server:269>:Initialising http server..
2023-12-29 20:52:20.524776000 [INFO] <server:304>:Initialising http server..done
2023-12-29 20:52:20.524817000 [INFO] <actix_server::builder:200>:Starting 4 workers
2023-12-29 20:52:20.524885000 [INFO] <server:308>:Server started, running on port: 8000, version: 1.6.0
2023-12-29 20:52:20.525593000 [INFO] <service::sync::sync_status::logger:47>:Sync started
2023-12-29 20:52:20.526973000 [INFO] <service::sync::sync_status::logger:71>:Sync step started PrepareInitial
2023-12-29 20:52:20.527463000 [INFO] <service::sync::sync_status::logger:141>:Sync step finished PrepareInitial
2023-12-29 20:52:20.527906000 [INFO] <service::sync::sync_status::logger:71>:Sync step started Push
2023-12-29 20:53:29.899011000 [INFO] <actix_server::server:196>:Actix runtime found; starting in Actix runtime
2023-12-29 20:53:29.904065000 [INFO] <actix_server::server:196>:Actix runtime found; starting in Actix runtime
2023-12-29 20:53:30.655835000 [INFO] <astro_dnssd::os::apple::register:44>:Got reply
2023-12-29 20:53:30.655919000 [INFO] <astro_dnssd::os::apple::register:78>:Reply info sent
2023-12-29 20:53:30.704615000 [INFO] <service::sync::remote_data_synchroniser:210>:Awaiting central server operation...
2023-12-29 20:53:31.713353000 [INFO] <service::sync::remote_data_synchroniser:217>:Central server operation finished
2023-12-29 20:53:31.713416000 [INFO] <service::sync::sync_status::logger:106>:Pushed (0) records
2023-12-29 20:53:31.713446000 [INFO] <service::sync::sync_status::logger:141>:Sync step finished Push
2023-12-29 20:53:31.714268000 [INFO] <service::sync::sync_status::logger:71>:Sync step started PullCentral
2023-12-29 20:53:41.262912000 [INFO] <service::sync::sync_status::logger:116>:Pulled (0) central records
2023-12-29 20:53:41.262991000 [INFO] <service::sync::sync_status::logger:141>:Sync step finished PullCentral
2023-12-29 20:53:41.263616000 [INFO] <service::sync::sync_status::logger:71>:Sync step started PullRemote
2023-12-29 20:53:55.705510000 [INFO] <service::sync::sync_status::logger:126>:Pulled (0) remote records
2023-12-29 20:53:55.706167000 [INFO] <service::sync::sync_status::logger:141>:Sync step finished PullRemote
2023-12-29 20:53:55.706765000 [INFO] <service::sync::sync_status::logger:71>:Sync step started Integrate
2023-12-29 20:55:05.772008000 [INFO] <service::sync::sync_status::logger:141>:Sync step finished Integrate
2023-12-29 20:55:25.960439000 [INFO] <service::sync::sync_status::logger:66>:Sync finished
2023-12-29 20:55:55.187053000 [INFO] <server:61>:Server starting in Development mode
2023-12-29 20:55:55.187729000 [INFO] <repository::database_settings:155>:Connecting to database 'omsupply-database'
2023-12-29 20:55:55.214443000 [INFO] <server:74>:Run DB migrations...
2023-12-29 20:55:55.216333000 [INFO] <repository:34>:
2023-12-29 20:55:55.217871000 [INFO] <server:78>:Run DB migrations...done
2023-12-29 20:55:55.217937000 [INFO] <server:81>:Initialising server context..
2023-12-29 20:55:55.218390000 [WARN] <server::certs:89>:No certificates found: Run in HTTP development mode
2023-12-29 20:55:55.218555000 [INFO] <server:99>:Initialising server context..done
2023-12-29 20:55:55.218606000 [INFO] <server:104>:Checking log settings..
2023-12-29 20:55:55.219033000 [INFO] <server:127>:Setting hardware uuid..
2023-12-29 20:55:55.246888000 [INFO] <server:141>:Setting hardware uuid..done [DB1E519B-3794-50E3-9555-8F15F835F1F3]
2023-12-29 20:55:55.246934000 [INFO] <server:144>:Checking sync status..
2023-12-29 20:55:55.248107000 [INFO] <server:201>:Creating graphql schema in operational mode..
2023-12-29 20:55:55.309045000 [INFO] <server:231>:Creating graphql schema..done
2023-12-29 20:55:55.309099000 [INFO] <server:237>:Starting server DNS-SD discovery
2023-12-29 20:55:55.309220000 [INFO] <server:241>:Starting discovery graphql server
2023-12-29 20:55:55.309758000 [INFO] <actix_server::builder:200>:Starting 4 workers
2023-12-29 20:55:55.317635000 [INFO] <server:269>:Initialising http server..
2023-12-29 20:55:55.317841000 [INFO] <server:304>:Initialising http server..done
2023-12-29 20:55:55.317878000 [INFO] <actix_server::builder:200>:Starting 4 workers
2023-12-29 20:55:55.317942000 [INFO] <server:308>:Server started, running on port: 8000, version: 1.6.0
2023-12-29 20:55:55.318665000 [INFO] <service::sync::sync_status::logger:47>:Sync started
2023-12-29 20:59:16.129521000 [INFO] <service::sync::sync_status::logger:71>:Sync step started PrepareInitial
2023-12-29 20:59:21.759183000 [INFO] <service::sync::sync_status::logger:141>:Sync step finished PrepareInitial
2023-12-29 20:59:23.965750000 [INFO] <service::sync::sync_status::logger:71>:Sync step started Push
2023-12-29 21:00:08.874593000 [INFO] <actix_server::server:196>:Actix runtime found; starting in Actix runtime
2023-12-29 21:00:08.879192000 [INFO] <actix_server::server:196>:Actix runtime found; starting in Actix runtime
2023-12-29 21:00:09.551479000 [INFO] <astro_dnssd::os::apple::register:44>:Got reply
2023-12-29 21:00:09.551563000 [INFO] <astro_dnssd::os::apple::register:78>:Reply info sent
2023-12-29 21:00:09.578431000 [INFO] <service::sync::remote_data_synchroniser:210>:Awaiting central server operation...
2023-12-29 21:00:10.589052000 [INFO] <service::sync::remote_data_synchroniser:217>:Central server operation finished
2023-12-29 21:00:10.589113000 [INFO] <service::sync::sync_status::logger:106>:Pushed (0) records
2023-12-29 21:00:10.589144000 [INFO] <service::sync::sync_status::logger:141>:Sync step finished Push
2023-12-29 21:00:18.426987000 [INFO] <service::sync::sync_status::logger:71>:Sync step started PullCentral
2023-12-29 21:02:16.540119000 [INFO] <server:61>:Server starting in Development mode
2023-12-29 21:02:16.540664000 [INFO] <repository::database_settings:155>:Connecting to database 'omsupply-database'
2023-12-29 21:02:16.560518000 [INFO] <server:74>:Run DB migrations...
2023-12-29 21:02:16.561694000 [INFO] <repository:34>:
2023-12-29 21:02:16.563100000 [INFO] <server:78>:Run DB migrations...done
2023-12-29 21:02:16.563150000 [INFO] <server:81>:Initialising server context..
2023-12-29 21:02:16.563576000 [WARN] <server::certs:89>:No certificates found: Run in HTTP development mode
2023-12-29 21:02:16.563800000 [INFO] <server:99>:Initialising server context..done
2023-12-29 21:02:16.563864000 [INFO] <server:104>:Checking log settings..
2023-12-29 21:02:16.564111000 [INFO] <server:127>:Setting hardware uuid..
2023-12-29 21:02:16.592637000 [INFO] <server:141>:Setting hardware uuid..done [DB1E519B-3794-50E3-9555-8F15F835F1F3]
2023-12-29 21:02:16.592708000 [INFO] <server:144>:Checking sync status..
2023-12-29 21:02:16.593123000 [INFO] <server:157>:Sync settings in configurations don't match database
2023-12-29 21:02:16.593192000 [INFO] <server:158>:Checking sync credentials are for the same site..
2023-12-29 21:02:16.593843000 [INFO] <service::sync::site_info:60>:Requesting site info
